C This is DSQSS ver.1.2.0

I N_PROC = 1
P D       =            1
P L       =            2
P BETA    =     100.0000000000000000
P NSET    =            5
P NPRE    =           10
P NTHERM  =           10
P NDECOR  =         1000
P NMCS    =           10
P SEED    =        31415
P NSEGMAX =        10000
P NVERMAX =     10000000
P NCYC    =           45
P ALGFILE = algorithm.xml
P LATFILE = lattice.xml
P CFINPFILE  = 
P SFINPFILE  = 
P CKINPFILE  = 
P OUTFILE    = sample.log
P CFOUTFILE  = cf.dat
P SFOUTFILE  = sf.dat
P CKOUTFILE  = ck.dat
P SIMULATIONTIME   =     0.000000
R anv = 2.62400000e+01 6.82348884e-01
R ene = -3.87400000e-01 6.82348884e-03
R spe = -1.00000000e+01 2.32117212e+00
R len = 3.89549879e+00 8.34513683e-02
R xmx = 9.73874697e-03 2.08628421e-04
R amzu = 0.00000000e+00 0.00000000e+00
R bmzu = 0.00000000e+00 0.00000000e+00
R smzu = 0.00000000e+00 0.00000000e+00
R xmzu = 0.00000000e+00 0.00000000e+00
R amzs = -2.00000000e-02 1.24096736e-01
R bmzs = -9.94996426e-03 1.09618149e-02
R smzs = 3.76000000e-01 9.49526198e-02
R xmzs = 6.55402695e-01 1.79306639e-01
R time = 1.65460000e-05 1.94180329e-07
I [the maximum number of segments]          = 169
I [the maximum number of vertices]          = 86
I [the maximum number of reg. vertex info.] = 3
